2025-08-03 14:43:03 | INFO     | __main__:778 | main() | Internet connectivity monitoring started
2025-08-03 14:43:03 | INFO     | __main__:796 | main() | Check interval: 60 seconds
2025-08-03 14:43:03 | INFO     | __main__:797 | main() | Failure threshold: 5 consecutive failures
2025-08-03 14:43:03 | INFO     | __main__:798 | main() | Recovery wait time: 600 seconds
2025-08-03 14:43:03 | INFO     | __main__:799 | main() | Log level: INFO
2025-08-03 14:43:03 | INFO     | __main__:801 | main() | Logging to file: /app/logs/watchdog.log
2025-08-03 14:43:03 | INFO     | __main__:802 | main() | TCP/IP diagnostics: enabled
2025-08-03 14:43:03 | INFO     | __main__:804 | main() | Diagnostics timeout: 120 seconds
2025-08-03 14:43:03 | INFO     | __main__:805 | main() | Outage report interval: 3600 seconds (1.0 hours)
2025-08-03 14:43:03 | ERROR    | __main__:1079 | main() | Error in monitoring loop: name 'check_internet' is not defined
Traceback (most recent call last):
  File "/app/monitor_internet.py", line 812, in main
    if check_internet(PING_HOSTS, HTTP_HOSTS):
       ^^^^^^^^^^^^^^
NameError: name 'check_internet' is not defined
2025-08-03 14:43:03 | INFO     | __main__:1086 | main() | Waiting 60 seconds before retrying after error...
2025-08-03 14:44:03 | ERROR    | __main__:1079 | main() | Error in monitoring loop: name 'check_internet' is not defined
Traceback (most recent call last):
  File "/app/monitor_internet.py", line 812, in main
    if check_internet(PING_HOSTS, HTTP_HOSTS):
       ^^^^^^^^^^^^^^
NameError: name 'check_internet' is not defined
2025-08-03 14:44:03 | INFO     | __main__:1086 | main() | Waiting 60 seconds before retrying after error...
2025-08-03 14:44:49 | INFO     | __main__:812 | main() | Internet connectivity monitoring started
2025-08-03 14:44:49 | INFO     | __main__:830 | main() | Check interval: 60 seconds
2025-08-03 14:44:49 | INFO     | __main__:831 | main() | Failure threshold: 5 consecutive failures
2025-08-03 14:44:49 | INFO     | __main__:832 | main() | Recovery wait time: 600 seconds
2025-08-03 14:44:49 | INFO     | __main__:833 | main() | Log level: INFO
2025-08-03 14:44:49 | INFO     | __main__:835 | main() | Logging to file: /app/logs/watchdog.log
2025-08-03 14:44:49 | INFO     | __main__:836 | main() | TCP/IP diagnostics: enabled
2025-08-03 14:44:49 | INFO     | __main__:838 | main() | Diagnostics timeout: 120 seconds
2025-08-03 14:44:49 | INFO     | __main__:839 | main() | Outage report interval: 3600 seconds (1.0 hours)
2025-08-03 14:44:49 | INFO     | __main__:190 | check_internet() | Pinging 1.1.1.1...
2025-08-03 14:44:51 | INFO     | __main__:194 | check_internet() | Successfully pinged 1.1.1.1
2025-08-03 14:44:51 | INFO     | __main__:871 | main() | Internet connection is UP (checked in 2.02s)
2025-08-03 14:45:51 | INFO     | __main__:190 | check_internet() | Pinging 1.1.1.1...
2025-08-03 14:45:53 | INFO     | __main__:194 | check_internet() | Successfully pinged 1.1.1.1
2025-08-03 14:45:53 | INFO     | __main__:871 | main() | Internet connection is UP (checked in 2.02s)
2025-08-03 14:46:53 | INFO     | __main__:190 | check_internet() | Pinging 1.1.1.1...
2025-08-03 14:46:55 | INFO     | __main__:194 | check_internet() | Successfully pinged 1.1.1.1
2025-08-03 14:46:55 | INFO     | __main__:871 | main() | Internet connection is UP (checked in 2.02s)
2025-08-03 14:47:55 | INFO     | __main__:190 | check_internet() | Pinging 1.1.1.1...
2025-08-03 14:47:57 | INFO     | __main__:194 | check_internet() | Successfully pinged 1.1.1.1
2025-08-03 14:47:57 | INFO     | __main__:871 | main() | Internet connection is UP (checked in 2.02s)
2025-08-03 14:48:57 | INFO     | __main__:190 | check_internet() | Pinging 1.1.1.1...
2025-08-03 14:48:59 | INFO     | __main__:194 | check_internet() | Successfully pinged 1.1.1.1
2025-08-03 14:48:59 | INFO     | __main__:871 | main() | Internet connection is UP (checked in 2.02s)
2025-08-03 14:49:41 | INFO     | __main__:812 | main() | Internet connectivity monitoring started
2025-08-03 14:49:41 | INFO     | __main__:830 | main() | Check interval: 60 seconds
2025-08-03 14:49:41 | INFO     | __main__:831 | main() | Failure threshold: 5 consecutive failures
2025-08-03 14:49:41 | INFO     | __main__:832 | main() | Recovery wait time: 600 seconds
2025-08-03 14:49:41 | INFO     | __main__:833 | main() | Log level: INFO
2025-08-03 14:49:41 | INFO     | __main__:835 | main() | Logging to file: /app/logs/watchdog.log
2025-08-03 14:49:41 | INFO     | __main__:836 | main() | TCP/IP diagnostics: enabled
2025-08-03 14:49:41 | INFO     | __main__:838 | main() | Diagnostics timeout: 120 seconds
2025-08-03 14:49:41 | INFO     | __main__:839 | main() | Outage report interval: 3600 seconds (1.0 hours)
2025-08-03 14:49:41 | INFO     | __main__:190 | check_internet() | Pinging 1.1.1.1...
2025-08-03 14:49:43 | INFO     | __main__:194 | check_internet() | Successfully pinged 1.1.1.1
2025-08-03 14:49:43 | INFO     | __main__:871 | main() | Internet connection is UP (checked in 2.01s)
2025-08-03 14:50:43 | INFO     | __main__:190 | check_internet() | Pinging 1.1.1.1...
2025-08-03 14:50:45 | INFO     | __main__:194 | check_internet() | Successfully pinged 1.1.1.1
2025-08-03 14:50:45 | INFO     | __main__:871 | main() | Internet connection is UP (checked in 2.02s)
2025-08-03 14:51:15 | INFO     | __main__:812 | main() | Internet connectivity monitoring started
2025-08-03 14:51:15 | INFO     | __main__:830 | main() | Check interval: 60 seconds
2025-08-03 14:51:15 | INFO     | __main__:831 | main() | Failure threshold: 5 consecutive failures
2025-08-03 14:51:15 | INFO     | __main__:832 | main() | Recovery wait time: 600 seconds
2025-08-03 14:51:15 | INFO     | __main__:833 | main() | Log level: INFO
2025-08-03 14:51:15 | INFO     | __main__:835 | main() | Logging to file: /app/logs/watchdog.log
2025-08-03 14:51:15 | INFO     | __main__:836 | main() | TCP/IP diagnostics: enabled
2025-08-03 14:51:15 | INFO     | __main__:838 | main() | Diagnostics timeout: 120 seconds
2025-08-03 14:51:15 | INFO     | __main__:839 | main() | Outage report interval: 3600 seconds (1.0 hours)
2025-08-03 14:51:15 | INFO     | __main__:190 | check_internet() | Pinging 1.1.1.1...
2025-08-03 14:51:17 | INFO     | __main__:194 | check_internet() | Successfully pinged 1.1.1.1
2025-08-03 14:51:17 | INFO     | __main__:871 | main() | Internet connection is UP (checked in 2.02s)
2025-08-03 14:52:17 | INFO     | __main__:190 | check_internet() | Pinging 1.1.1.1...
2025-08-03 14:52:19 | INFO     | __main__:194 | check_internet() | Successfully pinged 1.1.1.1
2025-08-03 14:52:19 | INFO     | __main__:871 | main() | Internet connection is UP (checked in 2.02s)
